IC
Name: 
Type: Graph
Number of nodes: 2003
Number of edges: 34855
Average degree:  34.8028
      node  comm
0        0     1
1        1     1
2        2     1
3        3     1
4        4     1
...    ...   ...
4033  2014     7
4034  2015     7
4035  2016     7
4036  2017     7
4037  2018     7

[4038 rows x 2 columns]
comm
1    [0, 1, 2, 3, 4, 5, 6, 7, 8, 9, 10, 11, 12, 13,...
2    [175, 176, 177, 178, 179, 180, 181, 182, 183, ...
3    [278, 279, 280, 281, 282, 283, 284, 285, 286, ...
4    [950, 951, 952, 953, 954, 955, 956, 957, 958, ...
5    [1326, 1327, 1328, 1329, 1330, 1331, 1332, 133...
6    [1715, 1716, 1717, 1718, 1719, 1720, 1721, 172...
7    [1745, 1746, 1747, 1748, 1749, 1750, 1751, 175...
Name: node, dtype: object
0.0 0.0
Hypervolume 1.0-None Generations 0
15 0
0.0 0.0
Hypervolume 1.0-1.0 Generations 1
15 1
0.0 0.0
Hypervolume 1.0-1.0 Generations 2
15 2
0.0 0.0
Hypervolume 1.0-1.0 Generations 3
15 3
0.0 0.0
Hypervolume 1.0-1.0 Generations 4
15 4
0.0 0.0
Hypervolume 1.0-1.0 Generations 5
15 5
0.0 0.0
Hypervolume 1.0-1.0 Generations 6
15 6
0.0 0.0
Hypervolume 1.0-1.0 Generations 7
15 7
0.0 0.0
Hypervolume 1.0-1.0 Generations 8
15 8
0.0 0.0
Hypervolume 1.0-1.0 Generations 9
15 9
0.0 0.0
Hypervolume 1.0-1.0 Generations 10
15 10
0.0 0.0
Hypervolume 1.0-1.0 Generations 11
15 11
0.0 0.0
Hypervolume 1.0-1.0 Generations 12
15 12
0.0 0.0
Hypervolume 1.0-1.0 Generations 13
15 13
0.0 0.0
Hypervolume 1.0-1.0 Generations 14
15 14
0.0 0.0
Hypervolume 1.0-1.0 Generations 15
15 15
0.0 0.0
Hypervolume 1.0-1.0 Generations 16
OBSERVERRRR 
  OBSERVERRRR 
 OBSERVERRRR 
 OBSERVERRRR 
 OBSERVERRRR 
 OBSERVERRRR 
 OBSERVERRRR 

559.5630211830139
IC_2
Name: 
Type: Graph
Number of nodes: 2003
Number of edges: 34855
Average degree:  34.8028
      node  comm
0        0     1
1        1     1
2        2     1
3        3     1
4        4     1
...    ...   ...
4033  2014     7
4034  2015     7
4035  2016     7
4036  2017     7
4037  2018     7

[4038 rows x 2 columns]
comm
1    [0, 1, 2, 3, 4, 5, 6, 7, 8, 9, 10, 11, 12, 13,...
2    [175, 176, 177, 178, 179, 180, 181, 182, 183, ...
3    [278, 279, 280, 281, 282, 283, 284, 285, 286, ...
4    [950, 951, 952, 953, 954, 955, 956, 957, 958, ...
5    [1326, 1327, 1328, 1329, 1330, 1331, 1332, 133...
6    [1715, 1716, 1717, 1718, 1719, 1720, 1721, 172...
7    [1745, 1746, 1747, 1748, 1749, 1750, 1751, 175...
Name: node, dtype: object
5909.956666666666 0.4215075006537812
Hypervolume 0.5784924993462188-None Generations 0
15 0
897.4405999999999 0.06400688966550173
Hypervolume 0.9359931103344983-0.5784924993462188 Generations 1
15 0
705.3199999999999 0.050304543185222164
Hypervolume 0.9496954568147778-0.9359931103344983 Generations 2
15 0
887.0582608695652 0.06326640474071502
Hypervolume 0.936733595259285-0.9496954568147778 Generations 3
15 1
887.0582608695652 0.06326640474071502
Hypervolume 0.936733595259285-0.9496954568147778 Generations 4
15 2
887.0582608695652 0.06326640474071502
Hypervolume 0.936733595259285-0.9496954568147778 Generations 5
15 3
471.24 0.03360958562156765
Hypervolume 0.9663904143784323-0.9496954568147778 Generations 6
15 0
471.24 0.03360958562156765
Hypervolume 0.9663904143784323-0.9663904143784323 Generations 7
15 1
471.24 0.03360958562156765
Hypervolume 0.9663904143784323-0.9663904143784323 Generations 8
15 2
471.24 0.03360958562156765
Hypervolume 0.9663904143784323-0.9663904143784323 Generations 9
15 3
471.24 0.03360958562156765
Hypervolume 0.9663904143784323-0.9663904143784323 Generations 10
15 4
471.24 0.03360958562156765
Hypervolume 0.9663904143784323-0.9663904143784323 Generations 11
15 5
845.3290909090908 0.06029021402960494
Hypervolume 0.9397097859703951-0.9663904143784323 Generations 12
15 6
845.3290909090908 0.06029021402960494
Hypervolume 0.9397097859703951-0.9663904143784323 Generations 13
15 7
845.3290909090908 0.06029021402960494
Hypervolume 0.9397097859703951-0.9663904143784323 Generations 14
15 8
845.3290909090908 0.06029021402960494
Hypervolume 0.9397097859703951-0.9663904143784323 Generations 15
15 9
471.24 0.03360958562156765
Hypervolume 0.9663904143784323-0.9663904143784323 Generations 16
15 10
471.24 0.03360958562156765
Hypervolume 0.9663904143784323-0.9663904143784323 Generations 17
15 11
471.24 0.03360958562156765
Hypervolume 0.9663904143784323-0.9663904143784323 Generations 18
15 12
471.24 0.03360958562156765
Hypervolume 0.9663904143784323-0.9663904143784323 Generations 19
15 13
749.6160000000001 0.053463804293559666
Hypervolume 0.9465361957064403-0.9663904143784323 Generations 20
15 14
749.6160000000001 0.053463804293559666
Hypervolume 0.9465361957064403-0.9663904143784323 Generations 21
15 15
749.6160000000001 0.053463804293559666
Hypervolume 0.9465361957064403-0.9663904143784323 Generations 22
OBSERVERRRR 
  OBSERVERRRR 
 OBSERVERRRR 
 OBSERVERRRR 
 OBSERVERRRR 
 OBSERVERRRR 
 OBSERVERRRR 

728.1087543964386
IC
Name: 
Type: Graph
Number of nodes: 987
Number of edges: 8837
Average degree:  17.9068
      node  comm
0        0     1
1        1     1
2        2     1
3        3     1
4        4     1
...    ...   ...
1004  1004     7
1005  1005     7
1006  1006     7
1007  1007     7
1008  1008     7

[1009 rows x 2 columns]
comm
1    [0, 1, 2, 3, 4, 5, 6, 7, 8, 9, 10, 11, 12, 13,...
2    [85, 86, 87, 88, 89, 90, 91, 92, 93, 94, 95, 9...
3    [136, 137, 138, 139, 140, 141, 142, 143, 144, ...
4    [333, 334, 335, 336, 337, 338, 339, 340, 341, ...
5    [669, 670, 671, 672, 673, 674, 675, 676, 677, ...
6    [857, 858, 859, 860, 861, 862, 863, 864, 865, ...
7    [994, 995, 996, 997, 998, 999, 1000, 1001, 100...
Name: node, dtype: object
250.56555555555553 0.03626654444283623
Hypervolume 0.9637334555571637-None Generations 0
15 0
249.28765079365078 0.03608158210937195
Hypervolume 0.963918417890628-0.9637334555571637 Generations 1
15 0
249.43065079365078 0.036102279750130375
Hypervolume 0.9638977202498696-0.963918417890628 Generations 2
15 1
247.68041269841268 0.03584895248203976
Hypervolume 0.9641510475179602-0.963918417890628 Generations 3
15 0
247.05479797979797 0.03575840179183644
Hypervolume 0.9642415982081636-0.9641510475179602 Generations 4
15 0
246.92779797979796 0.03574001997102301
Hypervolume 0.964259980028977-0.9642415982081636 Generations 5
15 0
247.207797979798 0.0357805468200605
Hypervolume 0.9642194531799395-0.964259980028977 Generations 6
15 1
246.72279797979797 0.035710348527977706
Hypervolume 0.9642896514720223-0.964259980028977 Generations 7
15 0
240.5024475524476 0.03481002280394378
Hypervolume 0.9651899771960563-0.9642896514720223 Generations 8
15 0
240.21578088578087 0.0347685310299292
Hypervolume 0.9652314689700708-0.9651899771960563 Generations 9
15 0
237.37244755244754 0.03435699052720329
Hypervolume 0.9656430094727967-0.9652314689700708 Generations 10
15 0
237.37244755244754 0.03435699052720329
Hypervolume 0.9656430094727967-0.9656430094727967 Generations 11
15 1
237.37244755244754 0.03435699052720329
Hypervolume 0.9656430094727967-0.9656430094727967 Generations 12
15 2
238.2491142191142 0.03448387816168971
Hypervolume 0.9655161218383103-0.9656430094727967 Generations 13
15 3
238.2491142191142 0.03448387816168971
Hypervolume 0.9655161218383103-0.9656430094727967 Generations 14
15 4
238.2491142191142 0.03448387816168971
Hypervolume 0.9655161218383103-0.9656430094727967 Generations 15
15 5
238.2491142191142 0.03448387816168971
Hypervolume 0.9655161218383103-0.9656430094727967 Generations 16
15 6
238.2491142191142 0.03448387816168971
Hypervolume 0.9655161218383103-0.9656430094727967 Generations 17
15 7
238.2491142191142 0.03448387816168971
Hypervolume 0.9655161218383103-0.9656430094727967 Generations 18
15 8
238.2491142191142 0.03448387816168971
Hypervolume 0.9655161218383103-0.9656430094727967 Generations 19
15 9
238.2491142191142 0.03448387816168971
Hypervolume 0.9655161218383103-0.9656430094727967 Generations 20
15 10
238.2491142191142 0.03448387816168971
Hypervolume 0.9655161218383103-0.9656430094727967 Generations 21
15 11
238.2491142191142 0.03448387816168971
Hypervolume 0.9655161218383103-0.9656430094727967 Generations 22
15 12
238.2491142191142 0.03448387816168971
Hypervolume 0.9655161218383103-0.9656430094727967 Generations 23
15 13
238.2491142191142 0.03448387816168971
Hypervolume 0.9655161218383103-0.9656430094727967 Generations 24
15 14
238.2491142191142 0.03448387816168971
Hypervolume 0.9655161218383103-0.9656430094727967 Generations 25
15 15
238.2491142191142 0.03448387816168971
Hypervolume 0.9655161218383103-0.9656430094727967 Generations 26
OBSERVERRRR 
  OBSERVERRRR 
 OBSERVERRRR 
 OBSERVERRRR 
 OBSERVERRRR 
 OBSERVERRRR 
 OBSERVERRRR 

229.00233840942383
IC_2
Name: 
Type: Graph
Number of nodes: 987
Number of edges: 8837
Average degree:  17.9068
      node  comm
0        0     1
1        1     1
2        2     1
3        3     1
4        4     1
...    ...   ...
1004  1004     7
1005  1005     7
1006  1006     7
1007  1007     7
1008  1008     7

[1009 rows x 2 columns]
comm
1    [0, 1, 2, 3, 4, 5, 6, 7, 8, 9, 10, 11, 12, 13,...
2    [85, 86, 87, 88, 89, 90, 91, 92, 93, 94, 95, 9...
3    [136, 137, 138, 139, 140, 141, 142, 143, 144, ...
4    [333, 334, 335, 336, 337, 338, 339, 340, 341, ...
5    [669, 670, 671, 672, 673, 674, 675, 676, 677, ...
6    [857, 858, 859, 860, 861, 862, 863, 864, 865, ...
7    [994, 995, 996, 997, 998, 999, 1000, 1001, 100...
Name: node, dtype: object
2051.8471495824438 0.29698178456830854
Hypervolume 0.7030182154316915-None Generations 0
15 0
1990.3259233087174 0.28807727939046424
Hypervolume 0.7119227206095358-0.7030182154316915 Generations 1
15 0
2012.418870041723 0.2912749848084705
Hypervolume 0.7087250151915294-0.7119227206095358 Generations 2
15 1
1924.095483872337 0.27849116860216194
Hypervolume 0.7215088313978381-0.7119227206095358 Generations 3
15 0
1999.4408182879215 0.2893965578648027
Hypervolume 0.7106034421351973-0.7215088313978381 Generations 4
15 1
1926.7051415202445 0.2788688871790772
Hypervolume 0.7211311128209228-0.7215088313978381 Generations 5
15 2
1949.143023444306 0.28211651808428223
Hypervolume 0.7178834819157178-0.7215088313978381 Generations 6
15 3
1951.3176298342182 0.28243126788742484
Hypervolume 0.7175687321125752-0.7215088313978381 Generations 7
15 4
1937.5515623232977 0.28043878453080007
Hypervolume 0.7195612154691999-0.7215088313978381 Generations 8
15 5
1934.7079194661546 0.2800271992279859
Hypervolume 0.7199728007720141-0.7215088313978381 Generations 9
15 6
1887.272540678276 0.27316146195951313
Hypervolume 0.7268385380404869-0.7215088313978381 Generations 10
15 0
1887.1628689611043 0.2731455882126363
Hypervolume 0.7268544117873637-0.7268385380404869 Generations 11
15 0
1887.05943461767 0.2731306172554161
Hypervolume 0.7268693827445839-0.7268544117873637 Generations 12
15 0
1887.0449291231644 0.2731285177483231
Hypervolume 0.7268714822516769-0.7268693827445839 Generations 13
15 0
1887.0436104418459 0.273128326884042
Hypervolume 0.726871673115958-0.7268714822516769 Generations 14
15 0
1887.0436104418459 0.273128326884042
Hypervolume 0.726871673115958-0.726871673115958 Generations 15
15 1
1887.0197771085125 0.2731248772772489
Hypervolume 0.7268751227227511-0.726871673115958 Generations 16
15 0
1887.0197771085125 0.2731248772772489
Hypervolume 0.7268751227227511-0.7268751227227511 Generations 17
15 1
1886.9918650206005 0.27312083731663056
Hypervolume 0.7268791626833695-0.7268751227227511 Generations 18
15 0
1886.9918650206005 0.27312083731663056
Hypervolume 0.7268791626833695-0.7268791626833695 Generations 19
15 1
1886.9918650206005 0.27312083731663056
Hypervolume 0.7268791626833695-0.7268791626833695 Generations 20
15 2
1887.0026342513695 0.2731223960415935
Hypervolume 0.7268776039584065-0.7268791626833695 Generations 21
15 3
1887.0026342513695 0.2731223960415935
Hypervolume 0.7268776039584065-0.7268791626833695 Generations 22
15 4
1887.0026342513695 0.2731223960415935
Hypervolume 0.7268776039584065-0.7268791626833695 Generations 23
15 5
1887.0159675847028 0.27312432589154767
Hypervolume 0.7268756741084523-0.7268791626833695 Generations 24
15 6
1887.0146039483393 0.27312412852052964
Hypervolume 0.7268758714794703-0.7268791626833695 Generations 25
15 7
1887.0438347175702 0.2731283593454292
Hypervolume 0.7268716406545708-0.7268791626833695 Generations 26
15 8
1886.794350590586 0.2730922493256023
Hypervolume 0.7269077506743977-0.7268791626833695 Generations 27
15 0
1886.794350590586 0.2730922493256023
Hypervolume 0.7269077506743977-0.7269077506743977 Generations 28
15 1
1886.764552610788 0.2730879364033562
Hypervolume 0.7269120635966437-0.7269077506743977 Generations 29
15 0
1886.764552610788 0.2730879364033562
Hypervolume 0.7269120635966437-0.7269120635966437 Generations 30
15 1
1886.764552610788 0.2730879364033562
Hypervolume 0.7269120635966437-0.7269120635966437 Generations 31
15 2
1886.764552610788 0.2730879364033562
Hypervolume 0.7269120635966437-0.7269120635966437 Generations 32
15 3
1886.764552610788 0.2730879364033562
Hypervolume 0.7269120635966437-0.7269120635966437 Generations 33
15 4
1886.764552610788 0.2730879364033562
Hypervolume 0.7269120635966437-0.7269120635966437 Generations 34
15 5
1886.764552610788 0.2730879364033562
Hypervolume 0.7269120635966437-0.7269120635966437 Generations 35
15 6
1886.764552610788 0.2730879364033562
Hypervolume 0.7269120635966437-0.7269120635966437 Generations 36
15 7
1886.764552610788 0.2730879364033562
Hypervolume 0.7269120635966437-0.7269120635966437 Generations 37
15 8
1886.764552610788 0.2730879364033562
Hypervolume 0.7269120635966437-0.7269120635966437 Generations 38
15 9
1886.764552610788 0.2730879364033562
Hypervolume 0.7269120635966437-0.7269120635966437 Generations 39
15 10
1886.764552610788 0.2730879364033562
Hypervolume 0.7269120635966437-0.7269120635966437 Generations 40
15 11
1886.764552610788 0.2730879364033562
Hypervolume 0.7269120635966437-0.7269120635966437 Generations 41
15 12
1886.764552610788 0.2730879364033562
Hypervolume 0.7269120635966437-0.7269120635966437 Generations 42
15 13
1886.764552610788 0.2730879364033562
Hypervolume 0.7269120635966437-0.7269120635966437 Generations 43
15 14
1886.764552610788 0.2730879364033562
Hypervolume 0.7269120635966437-0.7269120635966437 Generations 44
15 15
1886.764552610788 0.2730879364033562
Hypervolume 0.7269120635966437-0.7269120635966437 Generations 45
OBSERVERRRR 
  OBSERVERRRR 
 OBSERVERRRR 
 OBSERVERRRR 
 OBSERVERRRR 
 OBSERVERRRR 
 OBSERVERRRR 

319.415563583374
WC
Name: 
Type: Graph
Number of nodes: 2003
Number of edges: 34855
Average degree:  34.8028
      node  comm
0        0     1
1        1     1
2        2     1
3        3     1
4        4     1
...    ...   ...
4033  2014     7
4034  2015     7
4035  2016     7
4036  2017     7
4037  2018     7

[4038 rows x 2 columns]
comm
1    [0, 1, 2, 3, 4, 5, 6, 7, 8, 9, 10, 11, 12, 13,...
2    [175, 176, 177, 178, 179, 180, 181, 182, 183, ...
3    [278, 279, 280, 281, 282, 283, 284, 285, 286, ...
4    [950, 951, 952, 953, 954, 955, 956, 957, 958, ...
5    [1326, 1327, 1328, 1329, 1330, 1331, 1332, 133...
6    [1715, 1716, 1717, 1718, 1719, 1720, 1721, 172...
7    [1745, 1746, 1747, 1748, 1749, 1750, 1751, 175...
Name: node, dtype: object
4938.782621693036 0.3522418245269978
Hypervolume 0.6477581754730022-None Generations 0
15 0
4939.85904273376 0.3523185965861037
Hypervolume 0.6476814034138962-0.6477581754730022 Generations 1
15 1
4933.5667595341165 0.35186982094958397
Hypervolume 0.648130179050416-0.6477581754730022 Generations 2
15 0
4930.246557831058 0.35163301888817194
Hypervolume 0.648366981111828-0.648130179050416 Generations 3
15 0
4857.245312409812 0.3464264540624643
Hypervolume 0.6535735459375357-0.648366981111828 Generations 4
15 0
4882.762064675091 0.34824634938129173
Hypervolume 0.6517536506187083-0.6535735459375357 Generations 5
15 1
4842.099881507382 0.3453462578637317
Hypervolume 0.6546537421362684-0.6535735459375357 Generations 6
15 0
4842.266071983572 0.3453581108325777
Hypervolume 0.6546418891674223-0.6546537421362684 Generations 7
15 1
4840.251881507382 0.3452144555671765
Hypervolume 0.6547855444328234-0.6546537421362684 Generations 8
15 0
4840.251881507382 0.3452144555671765
Hypervolume 0.6547855444328234-0.6547855444328234 Generations 9
15 1
4840.251881507382 0.3452144555671765
Hypervolume 0.6547855444328234-0.6547855444328234 Generations 10
15 2
4840.251881507382 0.3452144555671765
Hypervolume 0.6547855444328234-0.6547855444328234 Generations 11
15 3
4840.251881507382 0.3452144555671765
Hypervolume 0.6547855444328234-0.6547855444328234 Generations 12
15 4
4840.251881507382 0.3452144555671765
Hypervolume 0.6547855444328234-0.6547855444328234 Generations 13
15 5
4840.251881507382 0.3452144555671765
Hypervolume 0.6547855444328234-0.6547855444328234 Generations 14
15 6
4840.251881507382 0.3452144555671765
Hypervolume 0.6547855444328234-0.6547855444328234 Generations 15
15 7
4840.251881507382 0.3452144555671765
Hypervolume 0.6547855444328234-0.6547855444328234 Generations 16
15 8
4840.251881507382 0.3452144555671765
Hypervolume 0.6547855444328234-0.6547855444328234 Generations 17
15 9
4840.251881507382 0.3452144555671765
Hypervolume 0.6547855444328234-0.6547855444328234 Generations 18
15 10
4840.251881507382 0.3452144555671765
Hypervolume 0.6547855444328234-0.6547855444328234 Generations 19
15 11
4840.251881507382 0.3452144555671765
Hypervolume 0.6547855444328234-0.6547855444328234 Generations 20
15 12
4840.251881507382 0.3452144555671765
Hypervolume 0.6547855444328234-0.6547855444328234 Generations 21
15 13
4840.251881507382 0.3452144555671765
Hypervolume 0.6547855444328234-0.6547855444328234 Generations 22
15 14
4870.098759335436 0.3473431823219054
Hypervolume 0.6526568176780946-0.6547855444328234 Generations 23
15 15
4870.098759335436 0.3473431823219054
Hypervolume 0.6526568176780946-0.6547855444328234 Generations 24
OBSERVERRRR 
  OBSERVERRRR 
 OBSERVERRRR 
 OBSERVERRRR 
 OBSERVERRRR 
 OBSERVERRRR 
 OBSERVERRRR 

1185.4116065502167
WC
Name: 
Type: Graph
Number of nodes: 987
Number of edges: 8837
Average degree:  17.9068
      node  comm
0        0     1
1        1     1
2        2     1
3        3     1
4        4     1
...    ...   ...
1004  1004     7
1005  1005     7
1006  1006     7
1007  1007     7
1008  1008     7

[1009 rows x 2 columns]
comm
1    [0, 1, 2, 3, 4, 5, 6, 7, 8, 9, 10, 11, 12, 13,...
2    [85, 86, 87, 88, 89, 90, 91, 92, 93, 94, 95, 9...
3    [136, 137, 138, 139, 140, 141, 142, 143, 144, ...
4    [333, 334, 335, 336, 337, 338, 339, 340, 341, ...
5    [669, 670, 671, 672, 673, 674, 675, 676, 677, ...
6    [857, 858, 859, 860, 861, 862, 863, 864, 865, ...
7    [994, 995, 996, 997, 998, 999, 1000, 1001, 100...
Name: node, dtype: object
3928.3179011351567 0.5685798091091557
Hypervolume 0.43142019089084427-None Generations 0
15 0
4092.948597553118 0.5924082497543954
Hypervolume 0.40759175024560457-0.43142019089084427 Generations 1
15 1
4030.7344215069415 0.5834034478950559
Hypervolume 0.41659655210494406-0.43142019089084427 Generations 2
15 2
4028.80257048215 0.5831238341991822
Hypervolume 0.41687616580081777-0.43142019089084427 Generations 3
15 3
4008.883379894959 0.5802407555210536
Hypervolume 0.4197592444789464-0.43142019089084427 Generations 4
15 4
3928.7425467836256 0.5686412717880482
Hypervolume 0.43135872821195176-0.43142019089084427 Generations 5
15 5
3921.8858439358196 0.5676488412123056
Hypervolume 0.43235115878769437-0.43142019089084427 Generations 6
15 0
3914.424009880986 0.5665688247041519
Hypervolume 0.43343117529584807-0.43235115878769437 Generations 7
15 0
3940.007771589865 0.5702717863062476
Hypervolume 0.42972821369375236-0.43343117529584807 Generations 8
15 1
3929.654470002564 0.5687732624117185
Hypervolume 0.43122673758828145-0.43343117529584807 Generations 9
15 2
3900.168493812088 0.5645054991767388
Hypervolume 0.43549450082326124-0.43343117529584807 Generations 10
15 0
3927.853827145421 0.5685126396215691
Hypervolume 0.43148736037843094-0.43549450082326124 Generations 11
15 1
3926.9107936756227 0.5683761461391841
Hypervolume 0.4316238538608159-0.43549450082326124 Generations 12
15 2
3896.1512915388707 0.5639240543550255
Hypervolume 0.43607594564497454-0.43549450082326124 Generations 13
15 0
3894.0135381811174 0.5636146386135645
Hypervolume 0.43638536138643547-0.43607594564497454 Generations 14
15 0
3896.313302833132 0.5639475036666858
Hypervolume 0.4360524963333142-0.43638536138643547 Generations 15
15 1
3892.987683785513 0.5634661577341892
Hypervolume 0.4365338422658108-0.43638536138643547 Generations 16
15 0
3892.8164500192797 0.5634413735734954
Hypervolume 0.43655862642650456-0.4365338422658108 Generations 17
15 0
3892.5972192500485 0.563409642386749
Hypervolume 0.43659035761325105-0.43655862642650456 Generations 18
15 0
3892.5240049643344 0.5633990454428042
Hypervolume 0.43660095455719583-0.43659035761325105 Generations 19
15 0
3890.0838785907076 0.5630458646100315
Hypervolume 0.4369541353899685-0.43660095455719583 Generations 20
15 0
3890.0838785907076 0.5630458646100315
Hypervolume 0.4369541353899685-0.4369541353899685 Generations 21
15 1
3890.0838785907076 0.5630458646100315
Hypervolume 0.4369541353899685-0.4369541353899685 Generations 22
15 2
3890.0838785907076 0.5630458646100315
Hypervolume 0.4369541353899685-0.4369541353899685 Generations 23
15 3
3890.0838785907076 0.5630458646100315
Hypervolume 0.4369541353899685-0.4369541353899685 Generations 24
15 4
3890.0838785907076 0.5630458646100315
Hypervolume 0.4369541353899685-0.4369541353899685 Generations 25
15 5
3890.0838785907076 0.5630458646100315
Hypervolume 0.4369541353899685-0.4369541353899685 Generations 26
15 6
3890.0838785907076 0.5630458646100315
Hypervolume 0.4369541353899685-0.4369541353899685 Generations 27
15 7
3889.6905452573747 0.5629889340363836
Hypervolume 0.4370110659636164-0.4369541353899685 Generations 28
15 0
3887.9124500192793 0.5627315747603531
Hypervolume 0.43726842523964693-0.4370110659636164 Generations 29
15 0
3889.2719738288033 0.5629283505324654
Hypervolume 0.43707164946753463-0.43726842523964693 Generations 30
15 1
3889.096735733565 0.5629029867902106
Hypervolume 0.43709701320978944-0.43726842523964693 Generations 31
15 2
3889.096735733565 0.5629029867902106
Hypervolume 0.43709701320978944-0.43726842523964693 Generations 32
15 3
3887.602450019279 0.5626867057489187
Hypervolume 0.43731329425108134-0.43726842523964693 Generations 33
15 0
3887.602450019279 0.5626867057489187
Hypervolume 0.43731329425108134-0.43731329425108134 Generations 34
15 1
3887.602450019279 0.5626867057489187
Hypervolume 0.43731329425108134-0.43731329425108134 Generations 35
15 2
3887.602450019279 0.5626867057489187
Hypervolume 0.43731329425108134-0.43731329425108134 Generations 36
15 3
3887.602450019279 0.5626867057489187
Hypervolume 0.43731329425108134-0.43731329425108134 Generations 37
15 4
3887.602450019279 0.5626867057489187
Hypervolume 0.43731329425108134-0.43731329425108134 Generations 38
15 5
3887.602450019279 0.5626867057489187
Hypervolume 0.43731329425108134-0.43731329425108134 Generations 39
15 6
3887.602450019279 0.5626867057489187
Hypervolume 0.43731329425108134-0.43731329425108134 Generations 40
15 7
3887.602450019279 0.5626867057489187
Hypervolume 0.43731329425108134-0.43731329425108134 Generations 41
15 8
3887.602450019279 0.5626867057489187
Hypervolume 0.43731329425108134-0.43731329425108134 Generations 42
15 9
3887.602450019279 0.5626867057489187
Hypervolume 0.43731329425108134-0.43731329425108134 Generations 43
15 10
3887.602450019279 0.5626867057489187
Hypervolume 0.43731329425108134-0.43731329425108134 Generations 44
15 11
3887.602450019279 0.5626867057489187
Hypervolume 0.43731329425108134-0.43731329425108134 Generations 45
15 12
3887.602450019279 0.5626867057489187
Hypervolume 0.43731329425108134-0.43731329425108134 Generations 46
15 13
3887.602450019279 0.5626867057489187
Hypervolume 0.43731329425108134-0.43731329425108134 Generations 47
15 14
3887.602450019279 0.5626867057489187
Hypervolume 0.43731329425108134-0.43731329425108134 Generations 48
15 15
3887.602450019279 0.5626867057489187
Hypervolume 0.43731329425108134-0.43731329425108134 Generations 49
OBSERVERRRR 
  OBSERVERRRR 
 OBSERVERRRR 
 OBSERVERRRR 
 OBSERVERRRR 
 OBSERVERRRR 
 OBSERVERRRR 

537.0198884010315
